2023-11-06 10:02:42 INFO [electron]   "init store"
2023-11-06 10:02:42 INFO [electron]   "init request"
2023-11-06 10:02:42 INFO [electron]   "init i18n"
2023-11-06 10:02:42 INFO [electron]   {"updater":{"downloadUrl":"https://appest-public.s3.amazonaws.com/download/linux/","delay":2000,"interval":600000},"apk_version":"1.0.80","product_mode":true,"package_mode":false,"product_name":"TickTick","is_cn_site":false,"cdn_domain":"d107mjio2rjf74.cloudfront.net/web","site_domain":"ticktick.com","ex_api_domain":"ext.ticktick.com","brother_product_name":"滴答清单","brother_site_domain":"dida365.com","api_domain":"api.ticktick.com","cookie_domain":".ticktick.com","protocol":"https://","help_domain":"help.ticktick.com","support_api_domain":"ticket.ticktick.com","deploy_path":"/task/src/main/webapp/static/deploy","version":"1080"}
2023-11-06 10:02:42 INFO [electron]   {"platform":"electron","os":"linux","device":"Linux x64","name":"Portable-Dev","version":"1080","id":"6532a242056ac48eb8bae81b","channel":"website","campaign":"","websocket":""}
2023-11-06 10:02:42 INFO [electron]   "init main window"
2023-11-06 10:02:42 INFO [electron]   "init"
2023-11-06 10:02:42 INFO [electron]   "init menu"
2023-11-06 10:02:42 INFO [electron]   "init update service"
2023-11-06 10:02:42 INFO [electron]   "init notification"
2023-11-06 10:02:42 INFO [electron]   "init tray"
2023-11-06 10:02:42 INFO [electron]   "fetch get begin https://api.ticktick.com/api/v2/user/profile"
2023-11-06 10:02:42 INFO [electron]   "token 154BB8FE91446783ED59A6EB09D0ED41CD2907E9407A453B198CB37CB46299FF30B21DDCE8C5C9E2385FEE2E46F73584A4F46CF605EEA76C5C3EE57BACE845A46026A710444B964C99A1A79E2B09750F1B867F48ABA53E7880D515F8455F632C82BEE463B1431075BC4DD36207DCA5A81B867F48ABA53E7865AB04EFDC8C42B1B9E07CDF0FFA8B8409FCC76D200F3824D1861E7AB090192846A0E0CE049AFF9CD1663646ACCC5ADD"
2023-11-06 10:02:42 INFO [electron]   "token 154BB8FE91446783ED59A6EB09D0ED41CD2907E9407A453B198CB37CB46299FF30B21DDCE8C5C9E2385FEE2E46F73584A4F46CF605EEA76C5C3EE57BACE845A46026A710444B964C99A1A79E2B09750F1B867F48ABA53E7880D515F8455F632C82BEE463B1431075BC4DD36207DCA5A81B867F48ABA53E7865AB04EFDC8C42B1B9E07CDF0FFA8B8409FCC76D200F3824D1861E7AB090192846A0E0CE049AFF9CD1663646ACCC5ADD"
2023-11-06 10:02:43 INFO [electron]   "launchLogin main"
2023-11-06 10:02:43 INFO [electron]   "fetch get begin https://api.ticktick.com/api/v2/user/status"
2023-11-06 10:02:43 INFO [electron]   "token 154BB8FE91446783ED59A6EB09D0ED41CD2907E9407A453B198CB37CB46299FF30B21DDCE8C5C9E2385FEE2E46F73584A4F46CF605EEA76C5C3EE57BACE845A46026A710444B964C99A1A79E2B09750F1B867F48ABA53E7880D515F8455F632C82BEE463B1431075BC4DD36207DCA5A81B867F48ABA53E7865AB04EFDC8C42B1B9E07CDF0FFA8B8409FCC76D200F3824D1861E7AB090192846A0E0CE049AFF9CD1663646ACCC5ADD"
2023-11-06 10:02:43 INFO [electron]   "globalUser {\"inboxId\":\"inbox122400954\",\"username\":\"zacharyblundell@live.com\",\"pro\":true,\"teamUser\":false,\"ds\":false,\"proEndDate\":\"2023-11-22T12:20:48.000+0000\",\"userId\":\"122400954\"}"
2023-11-06 10:02:43 INFO [electron]   "locale en_US"
2023-11-06 10:02:43 INFO [electron]   {"id":"6532a242056ac48eb8bae81b","platform":"electron","ver":"1080","channel":"website","os":"linux","osv":"","device":"Linux x64","name":"Portable-Dev","campaign":"","websocket":"","ctime":"2023-11-06T09:02:42.000+0000","atime":"2023-11-06T09:02:42.000+0000","userCode":"813fc45e47bf4bfeaf5b27bb3af90264","hl":"en_US","tz":"Europe/Paris","locale":"en-US"}
2023-11-06 10:02:43 INFO [electron]   "fetch post begin https://xapi.ticktick.com/datacollect/event/push"
2023-11-06 10:02:43 INFO [electron]   "token 154BB8FE91446783ED59A6EB09D0ED41CD2907E9407A453B198CB37CB46299FF30B21DDCE8C5C9E2385FEE2E46F73584A4F46CF605EEA76C5C3EE57BACE845A46026A710444B964C99A1A79E2B09750F1B867F48ABA53E7880D515F8455F632C82BEE463B1431075BC4DD36207DCA5A81B867F48ABA53E7865AB04EFDC8C42B1B9E07CDF0FFA8B8409FCC76D200F3824D1861E7AB090192846A0E0CE049AFF9CD1663646ACCC5ADD"
2023-11-06 10:02:43 INFO [electron]   "get end https://api.ticktick.com/api/v2/user/profile"
2023-11-06 10:02:43 INFO [electron]   "update userInfo {\"inboxId\":\"inbox122400954\",\"username\":\"zacharyblundell@live.com\",\"pro\":true,\"teamUser\":false,\"ds\":false,\"proEndDate\":\"2023-11-22T12:20:48.000+0000\",\"userId\":\"122400954\"}"
2023-11-06 10:02:43 INFO [electron]   "get end https://api.ticktick.com/api/v2/user/status"
2023-11-06 10:02:43 INFO [electron]   "post end https://xapi.ticktick.com/datacollect/event/push"
2023-11-06 10:02:45 INFO [electron]   "main-dom-ready"
2023-11-06 10:02:46 INFO [electron]   "update check"
2023-11-06 10:02:46 INFO [electron]   "fetch getFile begin https://pull.ticktick.com/linux/release_note.json?timeStamp=1699261366773"
2023-11-06 10:02:46 INFO [electron]   "getFile end https://pull.ticktick.com/linux/release_note.json?timeStamp=1699261366773"
2023-11-06 10:10:03 INFO [electron]   "dumpEndddddd"
2023-11-06 10:10:03 INFO [electron]   "will-navigate file:///opt/TickTick/resources/app.asar/public/react/index.html"
2023-11-06 10:10:03 INFO [electron]   "will-navigate originRouter file:///opt/TickTick/resources/app.asar/public/react/index.html"
2023-11-06 10:10:03 INFO [electron]   "will-navigator reload"
2023-11-06 10:10:03 INFO [electron]   "globalUser {\"inboxId\":\"inbox122400954\",\"username\":\"zacharyblundell@live.com\",\"pro\":true,\"teamUser\":false,\"ds\":false,\"proEndDate\":\"2023-11-22T12:20:48.000+0000\",\"userId\":\"122400954\"}"
2023-11-06 10:10:03 INFO [electron]   "locale en_US"
2023-11-06 10:10:05 INFO [electron]   "main-dom-ready"
2023-11-06 10:10:06 INFO [electron]   "update check"
2023-11-06 10:10:06 INFO [electron]   "fetch getFile begin https://pull.ticktick.com/linux/release_note.json?timeStamp=1699261806277"
2023-11-06 10:10:06 INFO [electron]   "getFile end https://pull.ticktick.com/linux/release_note.json?timeStamp=1699261806277"
2023-11-06 11:00:00 INFO [electron]   "notification show"
